<?xml version="1.0" encoding="UTF-8"?>
<!-- Generated by org.testng.reporters.JUnitReportReporter -->
<testsuite skipped="0" hostname="dharini-HP" name="com.testNG.Sample" tests="1" failures="0" timestamp="2021-08-19T17:57:53 IST" time="0.042" errors="0">
  <testcase name="print" time="0.042" classname="com.testNG.Sample"/>
  <system-out/>
</testsuite> <!-- com.testNG.Sample -->
