<?xml version="1.0" encoding="UTF-8"?>
<!-- Generated by org.testng.reporters.JUnitReportReporter -->
<testsuite skipped="0" hostname="dharini-HP" name="com.testNG.SampleExtent" tests="1" failures="0" timestamp="2021-08-25T14:41:02 IST" time="192.048" errors="0">
  <testcase name="getTitleForHome" time="192.048" classname="com.testNG.SampleExtent"/>
  <system-out/>
</testsuite> <!-- com.testNG.SampleExtent -->
