<?xml version="1.0" encoding="UTF-8"?>
<!-- Generated by org.testng.reporters.JUnitReportReporter -->
<testsuite skipped="0" hostname="dharini-HP" name="com.vtiger.comcast.organisationtest.SelectOrgFromOrgList" tests="1" failures="0" timestamp="2021-08-23T23:10:20 IST" time="100.521" errors="0">
  <testcase name="selectOrgFromOrgList" time="100.521" classname="com.vtiger.comcast.organisationtest.SelectOrgFromOrgList"/>
  <system-out/>
</testsuite> <!-- com.vtiger.comcast.organisationtest.SelectOrgFromOrgList -->
